TrackingReport :**** From :06-Jul-16 2:40:54 AM****
TrackingReport :suresh kali : In Time:06-Jul-16 2:41:31 AM	 Out Time:06-Jul-16 2:41:32 AM 	Active Time:0Sec
TrackingReport :suresh kali : In Time:06-Jul-16 2:41:42 AM	 Out Time:06-Jul-16 2:41:52 AM 	Active Time:9Sec
TrackingReport :suresh kali : In Time:06-Jul-16 2:42:06 AM	 Out Time:06-Jul-16 2:42:16 AM 	Active Time:9Sec
TrackingReport :suresh kali : In Time:06-Jul-16 2:42:28 AM	 Out Time:06-Jul-16 2:42:31 AM 	Active Time:3Sec
TrackingReport :suresh kali : In Time:06-Jul-16 2:43:24 AM	 Out Time:06-Jul-16 2:43:27 AM 	Active Time:3Sec
TrackingReport :suresh kali : In Time:06-Jul-16 2:44:02 AM	 Out Time:06-Jul-16 2:44:15 AM 	Active Time:12Sec
TrackingReport :suresh kali : In Time:06-Jul-16 2:44:45 AM	 Out Time:06-Jul-16 2:44:51 AM 	Active Time:5Sec
TrackingReport :suresh kali : In Time:06-Jul-16 2:45:36 AM	 Out Time:06-Jul-16 2:45:40 AM 	Active Time:4Sec
TrackingReport :suresh kali : In Time:06-Jul-16 2:45:54 AM	 Out Time:06-Jul-16 2:46:00 AM 	Active Time:6Sec
TrackingReport :suresh kali : In Time:06-Jul-16 2:49:45 AM	 Out Time:06-Jul-16 2:49:55 AM 	Active Time:9Sec
TrackingReport :suresh kali : In Time:06-Jul-16 2:50:20 AM	 Out Time:06-Jul-16 2:50:23 AM 	Active Time:3Sec
TrackingReport :suresh kali : In Time:06-Jul-16 2:53:13 AM	 Out Time:06-Jul-16 2:53:18 AM 	Active Time:4Sec
TrackingReport :suresh kali : In Time:06-Jul-16 3:03:52 AM	 Out Time:06-Jul-16 3:04:05 AM 	Active Time:12Sec
TrackingReport :suresh kali : In Time:06-Jul-16 3:04:18 AM	 Out Time:06-Jul-16 3:04:21 AM 	Active Time:3Sec
TrackingReport :suresh kali : In Time:06-Jul-16 6:41:34 AM	 Out Time:06-Jul-16 6:41:48 AM 	Active Time:14Sec
TrackingReport :suresh kali : In Time:06-Jul-16 6:42:01 AM	 Out Time:06-Jul-16 6:42:15 AM 	Active Time:14Sec
TrackingReport :suresh kali : In Time:06-Jul-16 6:42:25 AM	 Out Time:06-Jul-16 6:42:33 AM 	Active Time:7Sec
TrackingReport :suresh kali : In Time:06-Jul-16 6:42:43 AM	 Out Time:06-Jul-16 6:42:52 AM 	Active Time:9Sec
TrackingReport :suresh kali : In Time:06-Jul-16 6:43:05 AM	 Out Time:06-Jul-16 6:43:11 AM 	Active Time:6Sec
TrackingReport :suresh kali : In Time:06-Jul-16 7:00:37 AM	 Out Time:06-Jul-16 7:00:38 AM 	Active Time:0Sec
TrackingReport :suresh kali : In Time:06-Jul-16 7:00:48 AM	 Out Time:06-Jul-16 7:00:53 AM 	Active Time:4Sec
TrackingReport :suresh kali : In Time:06-Jul-16 8:57:44 AM	 Out Time:06-Jul-16 8:57:54 AM 	Active Time:9Sec
TrackingReport :suresh kali : In Time:06-Jul-16 8:58:10 AM	 Out Time:06-Jul-16 8:58:15 AM 	Active Time:5Sec
TrackingReport :suresh kali : In Time:06-Jul-16 9:12:14 AM	 Out Time:06-Jul-16 9:12:17 AM 	Active Time:3Sec
TrackingReport :suresh kali : In Time:06-Jul-16 9:12:26 AM	 Out Time:06-Jul-16 9:12:38 AM 	Active Time:12Sec
TrackingReport :suresh kali : In Time:06-Jul-16 9:12:51 AM	 Out Time:06-Jul-16 9:13:05 AM 	Active Time:13Sec
TrackingReport :bharathy : In Time:06-Jul-16 9:22:42 AM	 Out Time:06-Jul-16 9:22:54 AM 	Active Time:11Sec
TrackingReport :bharathy : In Time:06-Jul-16 9:23:03 AM	 Out Time:06-Jul-16 9:23:18 AM 	Active Time:14Sec
TrackingReport :bharathy : In Time:06-Jul-16 9:23:30 AM	 Out Time:06-Jul-16 9:23:43 AM 	Active Time:13Sec
TrackingReport :bharathy : In Time:06-Jul-16 9:23:51 AM	 Out Time:06-Jul-16 9:24:04 AM 	Active Time:13Sec
TrackingReport :bharathy : In Time:06-Jul-16 9:24:15 AM	 Out Time:06-Jul-16 9:24:28 AM 	Active Time:13Sec
TrackingReport :bharathy : In Time:06-Jul-16 9:24:40 AM	 Out Time:06-Jul-16 9:24:54 AM 	Active Time:14Sec
TrackingReport :bharathy : In Time:06-Jul-16 9:25:06 AM	 Out Time:06-Jul-16 9:25:14 AM 	Active Time:8Sec
TrackingReport :bharathy : In Time:06-Jul-16 9:25:28 AM	 Out Time:06-Jul-16 9:25:42 AM 	Active Time:13Sec
TrackingReport :suresh kali : In Time:06-Jul-16 9:28:07 AM	 Out Time:06-Jul-16 9:28:12 AM 	Active Time:5Sec
TrackingReport :suresh kali : In Time:06-Jul-16 9:38:58 AM	 Out Time:06-Jul-16 9:38:59 AM 	Active Time:1Sec
TrackingReport :bharathy : In Time:06-Jul-16 9:39:25 AM	 Out Time:06-Jul-16 9:39:37 AM 	Active Time:12Sec
TrackingReport :bharathy : In Time:06-Jul-16 9:39:49 AM	 Out Time:06-Jul-16 9:40:00 AM 	Active Time:11Sec
TrackingReport :bharathy : In Time:06-Jul-16 9:40:13 AM	 Out Time:06-Jul-16 9:40:25 AM 	Active Time:11Sec
TrackingReport :bharathy : In Time:06-Jul-16 9:41:54 AM	 Out Time:06-Jul-16 9:42:09 AM 	Active Time:14Sec
TrackingReport :bharathy : In Time:06-Jul-16 9:42:17 AM	 Out Time:06-Jul-16 9:42:28 AM 	Active Time:10Sec
TrackingReport :bharathy : In Time:06-Jul-16 9:42:40 AM	 Out Time:06-Jul-16 9:42:52 AM 	Active Time:12Sec
TrackingReport :bharathy : In Time:06-Jul-16 9:43:04 AM	 Out Time:06-Jul-16 9:43:16 AM 	Active Time:12Sec
TrackingReport :bharathy : In Time:06-Jul-16 9:43:29 AM	 Out Time:06-Jul-16 9:43:38 AM 	Active Time:8Sec
TrackingReport :bharathy : In Time:06-Jul-16 9:48:16 AM	 Out Time:06-Jul-16 9:48:26 AM 	Active Time:10Sec
TrackingReport :bharathy : In Time:06-Jul-16 9:48:39 AM	 Out Time:06-Jul-16 9:48:51 AM 	Active Time:12Sec
TrackingReport :bharathy : In Time:06-Jul-16 9:49:02 AM	 Out Time:06-Jul-16 9:49:07 AM 	Active Time:5Sec
**** From :06-Jul-16 9:55:57 AM****
bharathy : In Time:06-Jul-16 9:56:31 AM	 Out Time:06-Jul-16 9:56:44 AM 	Active Time:13Sec
bharathy : In Time:06-Jul-16 9:56:52 AM	 Out Time:06-Jul-16 9:57:02 AM 	Active Time:9Sec
bharathy : In Time:06-Jul-16 9:57:11 AM	 Out Time:06-Jul-16 9:57:16 AM 	Active Time:4Sec
suresh kali : In Time:06-Jul-16 9:58:21 AM	 Out Time:06-Jul-16 9:58:27 AM 	Active Time:6Sec
bharathy : In Time:06-Jul-16 9:58:49 AM	 Out Time:06-Jul-16 9:59:00 AM 	Active Time:10Sec
computer Disconnected at :06-Jul-16 10:37:53 AM
computer    Connected at :06-Jul-16 10:38:10 AM
bharathy : In Time:06-Jul-16 10:38:20 AM	 Out Time:06-Jul-16 10:38:33 AM 	Active Time:12Sec
bharathy : In Time:06-Jul-16 10:38:44 AM	 Out Time:06-Jul-16 10:38:53 AM 	Active Time:9Sec
bharathy : In Time:06-Jul-16 10:39:04 AM	 Out Time:06-Jul-16 10:39:13 AM 	Active Time:9Sec
bharathy : In Time:06-Jul-16 10:39:24 AM	 Out Time:06-Jul-16 10:39:39 AM 	Active Time:14Sec
bharathy : In Time:06-Jul-16 10:39:52 AM	 Out Time:06-Jul-16 10:40:05 AM 	Active Time:12Sec
bharathy : In Time:06-Jul-16 10:40:19 AM	 Out Time:06-Jul-16 10:40:30 AM 	Active Time:11Sec
bharathy : In Time:06-Jul-16 10:40:41 AM	 Out Time:06-Jul-16 10:40:54 AM 	Active Time:12Sec
bharathy : In Time:06-Jul-16 10:41:03 AM	 Out Time:06-Jul-16 10:41:17 AM 	Active Time:14Sec
bharathy : In Time:06-Jul-16 10:41:30 AM	 Out Time:06-Jul-16 10:41:40 AM 	Active Time:10Sec
bharathy : In Time:06-Jul-16 10:41:49 AM	 Out Time:06-Jul-16 10:42:00 AM 	Active Time:10Sec
bharathy : In Time:06-Jul-16 10:42:08 AM	 Out Time:06-Jul-16 10:42:19 AM 	Active Time:10Sec
bharathy : In Time:06-Jul-16 10:42:28 AM	 Out Time:06-Jul-16 10:42:40 AM 	Active Time:12Sec
bharathy : In Time:06-Jul-16 10:42:51 AM	 Out Time:06-Jul-16 10:43:04 AM 	Active Time:12Sec
bharathy : In Time:06-Jul-16 10:43:14 AM	 Out Time:06-Jul-16 10:43:23 AM 	Active Time:9Sec
bharathy : In Time:06-Jul-16 10:43:34 AM	 Out Time:06-Jul-16 10:43:44 AM 	Active Time:9Sec
bharathy : In Time:06-Jul-16 10:43:55 AM	 Out Time:06-Jul-16 10:44:05 AM 	Active Time:10Sec
bharathy : In Time:06-Jul-16 10:44:15 AM	 Out Time:06-Jul-16 10:44:28 AM 	Active Time:13Sec
bharathy : In Time:06-Jul-16 10:44:38 AM	 Out Time:06-Jul-16 10:44:51 AM 	Active Time:12Sec
bharathy : In Time:06-Jul-16 10:45:03 AM	 Out Time:06-Jul-16 10:45:16 AM 	Active Time:13Sec
bharathy : In Time:06-Jul-16 10:45:31 AM	 Out Time:06-Jul-16 10:45:40 AM 	Active Time:9Sec
bharathy : In Time:06-Jul-16 10:45:52 AM	 Out Time:06-Jul-16 10:46:07 AM 	Active Time:14Sec
bharathy : In Time:06-Jul-16 10:46:16 AM	 Out Time:06-Jul-16 10:46:26 AM 	Active Time:10Sec
bharathy : In Time:06-Jul-16 10:46:41 AM	 Out Time:06-Jul-16 10:46:51 AM 	Active Time:10Sec
bharathy : In Time:06-Jul-16 10:47:05 AM	 Out Time:06-Jul-16 10:47:16 AM 	Active Time:11Sec
bharathy : In Time:06-Jul-16 10:47:29 AM	 Out Time:06-Jul-16 10:47:41 AM 	Active Time:12Sec
bharathy : In Time:06-Jul-16 10:47:55 AM	 Out Time:06-Jul-16 10:48:03 AM 	Active Time:8Sec
suresh kali : In Time:06-Jul-16 10:48:06 AM	 Out Time:06-Jul-16 10:48:14 AM 	Active Time:7Sec
bharathy : In Time:06-Jul-16 10:59:17 AM	 Out Time:06-Jul-16 10:59:18 AM 	Active Time:1Sec
bharathy : In Time:06-Jul-16 10:59:32 AM	 Out Time:06-Jul-16 10:59:40 AM 	Active Time:7Sec
bharathy : In Time:06-Jul-16 11:01:11 AM	 Out Time:06-Jul-16 11:01:23 AM 	Active Time:12Sec
bharathy : In Time:06-Jul-16 11:01:37 AM	 Out Time:06-Jul-16 11:01:47 AM 	Active Time:9Sec
bharathy : In Time:06-Jul-16 11:01:57 AM	 Out Time:06-Jul-16 11:02:09 AM 	Active Time:12Sec
bharathy : In Time:06-Jul-16 11:02:22 AM	 Out Time:06-Jul-16 11:02:34 AM 	Active Time:12Sec
bharathy : In Time:06-Jul-16 11:06:20 AM	 Out Time:06-Jul-16 11:06:26 AM 	Active Time:6Sec
bharathy : In Time:06-Jul-16 11:06:39 AM	 Out Time:06-Jul-16 11:06:50 AM 	Active Time:11Sec
bharathy : In Time:06-Jul-16 11:07:01 AM	 Out Time:06-Jul-16 11:07:14 AM 	Active Time:12Sec
bharathy : In Time:06-Jul-16 11:07:23 AM	 Out Time:06-Jul-16 11:07:35 AM 	Active Time:12Sec
bharathy : In Time:06-Jul-16 11:10:33 AM	 Out Time:06-Jul-16 11:10:44 AM 	Active Time:10Sec
bharathy : In Time:06-Jul-16 11:10:57 AM	 Out Time:06-Jul-16 11:11:12 AM 	Active Time:15Sec
bharathy : In Time:06-Jul-16 11:11:26 AM	 Out Time:06-Jul-16 11:11:39 AM 	Active Time:12Sec
computer Disconnected at :06-Jul-16 11:11:42 AM
computer    Connected at :06-Jul-16 11:11:53 AM
phone Disconnected at :06-Jul-16 11:12:18 AM
Device Change :computer Disconnected at :06-Jul-16 11:12:27 AM
computer    Connected at :06-Jul-16 11:12:35 AM
phone Disconnected at :06-Jul-16 11:12:38 AM
phone    Connected at :06-Jul-16 11:13:04 AM
computer Disconnected at :06-Jul-16 11:13:05 AM
computer    Connected at :06-Jul-16 11:14:39 AM
phone Disconnected at :06-Jul-16 11:14:42 AM
phone    Connected at :06-Jul-16 11:18:00 AM
suresh kali : In Time:06-Jul-16 11:18:07 AM	 Out Time:06-Jul-16 11:18:16 AM 	Active Time:9Sec
bharathy : In Time:06-Jul-16 11:20:09 AM	 Out Time:06-Jul-16 11:20:20 AM 	Active Time:10Sec
bharathy : In Time:06-Jul-16 11:20:27 AM	 Out Time:06-Jul-16 11:20:39 AM 	Active Time:12Sec
bharathy : In Time:06-Jul-16 11:21:40 AM	 Out Time:06-Jul-16 11:21:54 AM 	Active Time:14Sec
bharathy : In Time:06-Jul-16 11:22:06 AM	 Out Time:06-Jul-16 11:22:18 AM 	Active Time:11Sec
bharathy : In Time:06-Jul-16 11:22:31 AM	 Out Time:06-Jul-16 11:22:39 AM 	Active Time:8Sec
bharathy : In Time:06-Jul-16 11:22:47 AM	 Out Time:06-Jul-16 11:22:57 AM 	Active Time:9Sec
bharathy : In Time:06-Jul-16 11:23:06 AM	 Out Time:06-Jul-16 11:23:15 AM 	Active Time:9Sec
bharathy : In Time:06-Jul-16 11:23:24 AM	 Out Time:06-Jul-16 11:23:38 AM 	Active Time:13Sec
bharathy : In Time:06-Jul-16 11:23:47 AM	 Out Time:06-Jul-16 11:23:57 AM 	Active Time:10Sec
bharathy : In Time:06-Jul-16 11:24:09 AM	 Out Time:06-Jul-16 11:24:22 AM 	Active Time:12Sec
bharathy : In Time:06-Jul-16 11:24:33 AM	 Out Time:06-Jul-16 11:24:43 AM 	Active Time:9Sec
bharathy : In Time:06-Jul-16 11:24:51 AM	 Out Time:06-Jul-16 11:25:02 AM 	Active Time:10Sec
bharathy : In Time:06-Jul-16 11:25:12 AM	 Out Time:06-Jul-16 11:25:19 AM 	Active Time:7Sec
bharathy : In Time:06-Jul-16 11:25:33 AM	 Out Time:06-Jul-16 11:25:46 AM 	Active Time:12Sec
bharathy : In Time:06-Jul-16 11:25:57 AM	 Out Time:06-Jul-16 11:26:08 AM 	Active Time:11Sec
bharathy : In Time:06-Jul-16 11:26:18 AM	 Out Time:06-Jul-16 11:26:33 AM 	Active Time:14Sec
bharathy : In Time:06-Jul-16 11:26:45 AM	 Out Time:06-Jul-16 11:26:50 AM 	Active Time:5Sec
bharathy : In Time:06-Jul-16 11:27:35 AM	 Out Time:06-Jul-16 11:27:45 AM 	Active Time:9Sec
bharathy : In Time:06-Jul-16 11:27:57 AM	 Out Time:06-Jul-16 11:28:11 AM 	Active Time:13Sec
bharathy : In Time:06-Jul-16 11:28:26 AM	 Out Time:06-Jul-16 11:28:34 AM 	Active Time:8Sec
bharathy : In Time:06-Jul-16 11:28:46 AM	 Out Time:06-Jul-16 11:28:57 AM 	Active Time:11Sec
bharathy : In Time:06-Jul-16 11:29:11 AM	 Out Time:06-Jul-16 11:29:24 AM 	Active Time:12Sec
bharathy : In Time:06-Jul-16 11:29:37 AM	 Out Time:06-Jul-16 11:29:48 AM 	Active Time:11Sec
bharathy : In Time:06-Jul-16 11:30:03 AM	 Out Time:06-Jul-16 11:30:17 AM 	Active Time:13Sec
bharathy : In Time:06-Jul-16 11:30:29 AM	 Out Time:06-Jul-16 11:30:42 AM 	Active Time:13Sec
bharathy : In Time:06-Jul-16 11:30:56 AM	 Out Time:06-Jul-16 11:31:09 AM 	Active Time:13Sec
bharathy : In Time:06-Jul-16 11:31:18 AM	 Out Time:06-Jul-16 11:31:27 AM 	Active Time:9Sec
bharathy : In Time:06-Jul-16 11:31:42 AM	 Out Time:06-Jul-16 11:31:54 AM 	Active Time:12Sec
bharathy : In Time:06-Jul-16 11:32:08 AM	 Out Time:06-Jul-16 11:32:16 AM 	Active Time:8Sec
bharathy : In Time:06-Jul-16 11:32:25 AM	 Out Time:06-Jul-16 11:32:34 AM 	Active Time:9Sec
bharathy : In Time:06-Jul-16 11:32:49 AM	 Out Time:06-Jul-16 11:32:58 AM 	Active Time:9Sec
bharathy : In Time:06-Jul-16 11:33:10 AM	 Out Time:06-Jul-16 11:33:24 AM 	Active Time:13Sec
bharathy : In Time:06-Jul-16 11:33:38 AM	 Out Time:06-Jul-16 11:33:49 AM 	Active Time:10Sec
bharathy : In Time:06-Jul-16 11:34:01 AM	 Out Time:06-Jul-16 11:34:10 AM 	Active Time:9Sec
bharathy : In Time:06-Jul-16 11:34:21 AM	 Out Time:06-Jul-16 11:34:29 AM 	Active Time:8Sec
bharathy : In Time:06-Jul-16 11:34:39 AM	 Out Time:06-Jul-16 11:34:48 AM 	Active Time:9Sec
bharathy : In Time:06-Jul-16 11:35:01 AM	 Out Time:06-Jul-16 11:35:12 AM 	Active Time:10Sec
bharathy : In Time:06-Jul-16 11:35:24 AM	 Out Time:06-Jul-16 11:35:37 AM 	Active Time:13Sec
bharathy : In Time:06-Jul-16 11:35:51 AM	 Out Time:06-Jul-16 11:35:52 AM 	Active Time:0Sec
bharathy : In Time:06-Jul-16 11:39:10 AM	 Out Time:06-Jul-16 11:39:20 AM 	Active Time:9Sec
bharathy : In Time:06-Jul-16 11:39:31 AM	 Out Time:06-Jul-16 11:39:45 AM 	Active Time:14Sec
bharathy : In Time:06-Jul-16 11:39:31 AM	 Out Time:06-Jul-16 11:39:45 AM 	Active Time:14Sec
**** From :06-Jul-16 1:19:16 PM****
**** From :06-Jul-16 1:19:16 PM****
**** From :06-Jul-16 1:24:33 PM****
phone Disconnected at :06-Jul-16 1:33:22 PM
phone    Connected at :06-Jul-16 1:45:15 PM
suresh kali : In Time:06-Jul-16 2:45:22 PM	 Out Time:06-Jul-16 2:45:31 PM 	Active Time:8Sec
suresh kali : In Time:06-Jul-16 2:45:45 PM	 Out Time:06-Jul-16 2:45:49 PM 	Active Time:3Sec
suresh kali : In Time:06-Jul-16 2:50:20 PM	 Out Time:06-Jul-16 2:50:26 PM 	Active Time:6Sec
suresh kali : In Time:06-Jul-16 2:50:39 PM	 Out Time:06-Jul-16 2:50:51 PM 	Active Time:12Sec
suresh kali : In Time:06-Jul-16 2:51:01 PM	 Out Time:06-Jul-16 2:51:10 PM 	Active Time:8Sec
bharathy : In Time:06-Jul-16 3:03:08 PM	 Out Time:06-Jul-16 3:03:21 PM 	Active Time:13Sec
bharathy : In Time:06-Jul-16 3:03:34 PM	 Out Time:06-Jul-16 3:03:48 PM 	Active Time:13Sec
bharathy : In Time:06-Jul-16 3:04:00 PM	 Out Time:06-Jul-16 3:04:12 PM 	Active Time:12Sec
suresh kali : In Time:06-Jul-16 3:37:59 PM	 Out Time:06-Jul-16 3:38:04 PM 	Active Time:5Sec
suresh kali : In Time:06-Jul-16 5:09:09 PM	 Out Time:06-Jul-16 5:09:21 PM 	Active Time:12Sec
phone Disconnected at :06-Jul-16 5:22:06 PM
phone    Connected at :06-Jul-16 5:22:17 PM
suresh kali : In Time:06-Jul-16 5:27:51 PM	 Out Time:06-Jul-16 5:28:02 PM 	Active Time:11Sec
phone Disconnected at :06-Jul-16 6:12:54 PM
phone    Connected at :06-Jul-16 6:39:19 PM
phone Disconnected at :06-Jul-16 6:53:22 PM
phone    Connected at :06-Jul-16 6:53:29 PM
bharathy : In Time:06-Jul-16 6:56:24 PM	 Out Time:06-Jul-16 6:56:28 PM 	Active Time:4Sec
bharathy : In Time:06-Jul-16 6:56:41 PM	 Out Time:06-Jul-16 6:56:54 PM 	Active Time:12Sec
bharathy : In Time:06-Jul-16 6:57:08 PM	 Out Time:06-Jul-16 6:57:10 PM 	Active Time:1Sec
bharathy : In Time:06-Jul-16 6:57:15 PM	 Out Time:06-Jul-16 6:57:16 PM 	Active Time:0Sec
bharathy : In Time:06-Jul-16 6:57:25 PM	 Out Time:06-Jul-16 6:57:34 PM 	Active Time:9Sec
bharathy : In Time:06-Jul-16 6:57:46 PM	 Out Time:06-Jul-16 6:57:51 PM 	Active Time:4Sec
bharathy : In Time:06-Jul-16 6:58:12 PM	 Out Time:06-Jul-16 6:58:25 PM 	Active Time:13Sec
bharathy : In Time:06-Jul-16 6:58:39 PM	 Out Time:06-Jul-16 6:58:48 PM 	Active Time:9Sec
bharathy : In Time:06-Jul-16 6:59:02 PM	 Out Time:06-Jul-16 6:59:11 PM 	Active Time:9Sec
bharathy : In Time:06-Jul-16 6:59:24 PM	 Out Time:06-Jul-16 6:59:34 PM 	Active Time:10Sec
bharathy : In Time:06-Jul-16 6:59:47 PM	 Out Time:06-Jul-16 6:59:59 PM 	Active Time:12Sec
bharathy : In Time:06-Jul-16 7:01:24 PM	 Out Time:06-Jul-16 7:01:36 PM 	Active Time:12Sec
bharathy : In Time:06-Jul-16 7:01:46 PM	 Out Time:06-Jul-16 7:02:00 PM 	Active Time:14Sec
bharathy : In Time:06-Jul-16 7:02:10 PM	 Out Time:06-Jul-16 7:02:26 PM 	Active Time:16Sec
bharathy : In Time:06-Jul-16 7:02:37 PM	 Out Time:06-Jul-16 7:02:47 PM 	Active Time:9Sec
bharathy : In Time:06-Jul-16 7:02:56 PM	 Out Time:06-Jul-16 7:03:12 PM 	Active Time:16Sec
bharathy : In Time:06-Jul-16 7:03:51 PM	 Out Time:06-Jul-16 7:03:55 PM 	Active Time:4Sec
bharathy : In Time:06-Jul-16 7:04:10 PM	 Out Time:06-Jul-16 7:04:20 PM 	Active Time:9Sec
bharathy : In Time:06-Jul-16 7:04:30 PM	 Out Time:06-Jul-16 7:04:41 PM 	Active Time:10Sec
bharathy : In Time:06-Jul-16 7:05:41 PM	 Out Time:06-Jul-16 7:05:52 PM 	Active Time:11Sec
bharathy : In Time:06-Jul-16 7:06:01 PM	 Out Time:06-Jul-16 7:06:04 PM 	Active Time:2Sec
phone Disconnected at :06-Jul-16 7:09:11 PM
phone    Connected at :06-Jul-16 7:09:22 PM
suresh kali : In Time:06-Jul-16 7:11:28 PM	 Out Time:06-Jul-16 7:11:33 PM 	Active Time:4Sec
suresh kali : In Time:06-Jul-16 7:11:44 PM	 Out Time:06-Jul-16 7:11:46 PM 	Active Time:2Sec
phone Disconnected at :06-Jul-16 8:09:11 PM
phone    Connected at :06-Jul-16 8:11:43 PM
phone Disconnected at :06-Jul-16 8:17:12 PM
phone    Connected at :06-Jul-16 8:20:34 PM
phone Disconnected at :06-Jul-16 8:20:36 PM
phone    Connected at :06-Jul-16 8:20:37 PM
bharathy : In Time:06-Jul-16 8:26:21 PM	 Out Time:06-Jul-16 8:26:29 PM 	Active Time:8Sec
bharathy : In Time:06-Jul-16 8:26:41 PM	 Out Time:06-Jul-16 8:26:50 PM 	Active Time:9Sec
bharathy : In Time:06-Jul-16 8:27:01 PM	 Out Time:06-Jul-16 8:27:07 PM 	Active Time:6Sec
phone Disconnected at :06-Jul-16 8:33:24 PM
phone    Connected at :06-Jul-16 8:33:43 PM
computer Disconnected at :06-Jul-16 8:38:45 PM
**** From :06-Jul-16 10:03:42 PM****
messiah pp : In Time:06-Jul-16 10:20:12 PM	 Out Time:06-Jul-16 10:20:15 PM 	Active Time:2Sec
bharathy : In Time:06-Jul-16 10:23:40 PM	 Out Time:06-Jul-16 10:23:50 PM 	Active Time:9Sec
bharathy : In Time:06-Jul-16 10:23:59 PM	 Out Time:06-Jul-16 10:24:07 PM 	Active Time:8Sec
bharathy : In Time:06-Jul-16 10:24:18 PM	 Out Time:06-Jul-16 10:24:27 PM 	Active Time:9Sec
bharathy : In Time:06-Jul-16 10:24:36 PM	 Out Time:06-Jul-16 10:24:44 PM 	Active Time:8Sec
bharathy : In Time:06-Jul-16 10:24:54 PM	 Out Time:06-Jul-16 10:25:09 PM 	Active Time:15Sec
bharathy : In Time:06-Jul-16 10:25:19 PM	 Out Time:06-Jul-16 10:25:28 PM 	Active Time:9Sec
computer Disconnected at :06-Jul-16 10:25:29 PM
computer    Connected at :06-Jul-16 10:31:49 PM
phone Disconnected at :06-Jul-16 10:31:52 PM
phone    Connected at :06-Jul-16 10:32:10 PM
computer Disconnected at :06-Jul-16 11:01:10 PM
computer    Connected at :06-Jul-16 11:07:38 PM
phone Disconnected at :06-Jul-16 11:07:42 PM
phone    Connected at :06-Jul-16 11:16:45 PM
bharathy : In Time:06-Jul-16 11:17:00 PM	 Out Time:06-Jul-16 11:17:08 PM 	Active Time:8Sec
bharathy : In Time:06-Jul-16 11:17:16 PM	 Out Time:06-Jul-16 11:17:19 PM 	Active Time:2Sec
bharathy : In Time:06-Jul-16 11:17:19 PM	 Out Time:06-Jul-16 11:17:27 PM 	Active Time:7Sec
bharathy : In Time:06-Jul-16 11:17:36 PM	 Out Time:06-Jul-16 11:17:49 PM 	Active Time:12Sec
bharathy : In Time:06-Jul-16 11:18:00 PM	 Out Time:06-Jul-16 11:18:10 PM 	Active Time:10Sec
bharathy : In Time:06-Jul-16 11:18:23 PM	 Out Time:06-Jul-16 11:18:31 PM 	Active Time:8Sec
bharathy : In Time:06-Jul-16 11:18:45 PM	 Out Time:06-Jul-16 11:18:58 PM 	Active Time:12Sec
bharathy : In Time:06-Jul-16 11:19:11 PM	 Out Time:06-Jul-16 11:19:22 PM 	Active Time:11Sec
bharathy : In Time:06-Jul-16 11:19:33 PM	 Out Time:06-Jul-16 11:19:43 PM 	Active Time:9Sec
bharathy : In Time:06-Jul-16 11:19:55 PM	 Out Time:06-Jul-16 11:20:10 PM 	Active Time:14Sec
bharathy : In Time:06-Jul-16 11:20:22 PM	 Out Time:06-Jul-16 11:20:34 PM 	Active Time:12Sec
bharathy : In Time:06-Jul-16 11:20:43 PM	 Out Time:06-Jul-16 11:20:54 PM 	Active Time:11Sec
suresh kali : In Time:06-Jul-16 11:25:51 PM	 Out Time:06-Jul-16 11:25:57 PM 	Active Time:6Sec
suresh kali : In Time:06-Jul-16 11:26:10 PM	 Out Time:06-Jul-16 11:26:23 PM 	Active Time:12Sec
suresh kali : In Time:06-Jul-16 11:26:33 PM	 Out Time:06-Jul-16 11:26:43 PM 	Active Time:9Sec
suresh kali : In Time:06-Jul-16 11:27:41 PM	 Out Time:06-Jul-16 11:27:52 PM 	Active Time:11Sec
suresh kali : In Time:06-Jul-16 11:28:06 PM	 Out Time:06-Jul-16 11:28:10 PM 	Active Time:4Sec
suresh kali : In Time:06-Jul-16 11:45:45 PM	 Out Time:06-Jul-16 11:45:46 PM 	Active Time:0Sec
suresh kali : In Time:06-Jul-16 11:45:59 PM	 Out Time:06-Jul-16 11:46:10 PM 	Active Time:10Sec
suresh kali : In Time:06-Jul-16 11:46:23 PM	 Out Time:06-Jul-16 11:46:33 PM 	Active Time:9Sec
suresh kali : In Time:06-Jul-16 11:46:43 PM	 Out Time:06-Jul-16 11:46:44 PM 	Active Time:1Sec
phone Disconnected at :07-Jul-16 12:11:04 AM
phone    Connected at :07-Jul-16 12:11:47 AM
computer Disconnected at :07-Jul-16 12:11:48 AM
**** From :07-Jul-16 12:21:30 AM****
suresh kali : In Time:07-Jul-16 12:22:51 AM	 Out Time:07-Jul-16 12:22:56 AM 	Active Time:5Sec
suresh kali : In Time:07-Jul-16 12:23:07 AM	 Out Time:07-Jul-16 12:23:19 AM 	Active Time:12Sec
**** From :07-Jul-16 12:30:38 AM****
suresh kali : In Time:07-Jul-16 12:31:06 AM	 Out Time:07-Jul-16 12:31:20 AM 	Active Time:13Sec
suresh kali : In Time:07-Jul-16 12:31:35 AM	 Out Time:07-Jul-16 12:31:41 AM 	Active Time:6Sec
suresh kali : In Time:07-Jul-16 12:32:57 AM	 Out Time:07-Jul-16 12:33:07 AM 	Active Time:10Sec
phone Disconnected at :07-Jul-16 12:41:06 AM
phone    Connected at :07-Jul-16 12:41:40 AM
suresh kali : In Time:07-Jul-16 9:19:23 AM	 Out Time:07-Jul-16 9:19:31 AM 	Active Time:8Sec
suresh kali : In Time:07-Jul-16 9:19:42 AM	 Out Time:07-Jul-16 9:19:54 AM 	Active Time:12Sec
suresh kali : In Time:07-Jul-16 9:20:04 AM	 Out Time:07-Jul-16 9:20:16 AM 	Active Time:12Sec
suresh kali : In Time:07-Jul-16 9:31:10 AM	 Out Time:07-Jul-16 9:31:17 AM 	Active Time:6Sec
suresh kali : In Time:07-Jul-16 9:31:28 AM	 Out Time:07-Jul-16 9:31:30 AM 	Active Time:1Sec
suresh kali : In Time:07-Jul-16 9:31:31 AM	 Out Time:07-Jul-16 9:31:37 AM 	Active Time:6Sec
suresh kali : In Time:07-Jul-16 9:31:48 AM	 Out Time:07-Jul-16 9:32:01 AM 	Active Time:12Sec
suresh kali : In Time:07-Jul-16 9:32:13 AM	 Out Time:07-Jul-16 9:32:24 AM 	Active Time:10Sec
suresh kali : In Time:07-Jul-16 9:32:42 AM	 Out Time:07-Jul-16 9:32:46 AM 	Active Time:4Sec
suresh kali : In Time:07-Jul-16 9:33:01 AM	 Out Time:07-Jul-16 9:33:09 AM 	Active Time:8Sec
bharathy : In Time:07-Jul-16 9:54:39 AM	 Out Time:07-Jul-16 9:54:52 AM 	Active Time:13Sec
bharathy : In Time:07-Jul-16 9:55:02 AM	 Out Time:07-Jul-16 9:55:07 AM 	Active Time:4Sec
suresh kali : In Time:07-Jul-16 9:59:43 AM	 Out Time:07-Jul-16 9:59:56 AM 	Active Time:12Sec
suresh kali : In Time:07-Jul-16 10:00:10 AM	 Out Time:07-Jul-16 10:00:23 AM 	Active Time:12Sec
suresh kali : In Time:07-Jul-16 10:00:37 AM	 Out Time:07-Jul-16 10:00:48 AM 	Active Time:10Sec
suresh kali : In Time:07-Jul-16 10:02:48 AM	 Out Time:07-Jul-16 10:02:51 AM 	Active Time:3Sec
suresh kali : In Time:07-Jul-16 10:04:59 AM	 Out Time:07-Jul-16 10:05:02 AM 	Active Time:2Sec
suresh kali : In Time:07-Jul-16 10:05:11 AM	 Out Time:07-Jul-16 10:05:21 AM 	Active Time:9Sec
suresh kali : In Time:07-Jul-16 10:05:30 AM	 Out Time:07-Jul-16 10:05:41 AM 	Active Time:10Sec
suresh kali : In Time:07-Jul-16 10:05:52 AM	 Out Time:07-Jul-16 10:06:03 AM 	Active Time:11Sec
suresh kali : In Time:07-Jul-16 10:06:24 AM	 Out Time:07-Jul-16 10:06:28 AM 	Active Time:3Sec
phone Disconnected at :07-Jul-16 10:16:59 AM
phone    Connected at :07-Jul-16 10:21:38 AM
computer Disconnected at :07-Jul-16 10:38:53 AM
computer    Connected at :07-Jul-16 10:47:16 AM
phone Disconnected at :07-Jul-16 10:47:19 AM
phone    Connected at :07-Jul-16 11:03:50 AM
phone Disconnected at :07-Jul-16 11:12:39 AM
phone    Connected at :07-Jul-16 11:12:59 AM
phone Disconnected at :07-Jul-16 11:13:20 AM
phone    Connected at :07-Jul-16 11:13:31 AM
computer Disconnected at :07-Jul-16 11:13:33 AM
computer    Connected at :07-Jul-16 11:13:44 AM
suresh kali : In Time:07-Jul-16 11:18:33 AM	 Out Time:07-Jul-16 11:18:45 AM 	Active Time:12Sec
phone Disconnected at :07-Jul-16 11:40:41 AM
Device Change :computer Disconnected at :07-Jul-16 11:41:35 AM
computer    Connected at :07-Jul-16 11:41:51 AM
phone Disconnected at :07-Jul-16 11:41:54 AM
phone    Connected at :07-Jul-16 11:42:41 AM
phone Disconnected at :07-Jul-16 11:51:08 AM
phone    Connected at :07-Jul-16 11:55:50 AM
messiah pp : In Time:07-Jul-16 12:05:02 PM	 Out Time:07-Jul-16 12:05:13 PM 	Active Time:11Sec
phone Disconnected at :07-Jul-16 12:13:37 PM
phone    Connected at :07-Jul-16 12:13:59 PM
phone Disconnected at :07-Jul-16 12:26:21 PM
phone    Connected at :07-Jul-16 12:26:22 PM
phone Disconnected at :07-Jul-16 12:30:16 PM
phone    Connected at :07-Jul-16 4:30:53 PM
suresh kali : In Time:07-Jul-16 4:30:56 PM	 Out Time:07-Jul-16 4:30:57 PM 	Active Time:1Sec
suresh kali : In Time:07-Jul-16 4:31:07 PM	 Out Time:07-Jul-16 4:31:18 PM 	Active Time:11Sec
suresh kali : In Time:07-Jul-16 4:31:30 PM	 Out Time:07-Jul-16 4:31:44 PM 	Active Time:14Sec
suresh kali : In Time:07-Jul-16 4:31:54 PM	 Out Time:07-Jul-16 4:32:07 PM 	Active Time:12Sec
suresh kali : In Time:07-Jul-16 4:32:15 PM	 Out Time:07-Jul-16 4:32:24 PM 	Active Time:9Sec
suresh kali : In Time:07-Jul-16 4:32:35 PM	 Out Time:07-Jul-16 4:32:45 PM 	Active Time:9Sec
phone Disconnected at :07-Jul-16 4:33:18 PM
phone    Connected at :07-Jul-16 6:04:57 PM
phone Disconnected at :07-Jul-16 6:11:41 PM
phone    Connected at :07-Jul-16 6:12:02 PM
phone Disconnected at :07-Jul-16 6:25:46 PM
phone    Connected at :07-Jul-16 6:25:47 PM
**** From :11-Jul-16 11:17:14 PM****
**** From :11-Jul-16 11:38:15 PM****
vignesh suresh : In Time:11-Jul-16 11:38:40 PM	 Out Time:11-Jul-16 11:38:48 PM 	Active Time:7Sec
bharathy : In Time:11-Jul-16 11:44:10 PM	 Out Time:11-Jul-16 11:44:18 PM 	Active Time:8Sec
vignesh suresh : In Time:11-Jul-16 11:50:17 PM	 Out Time:11-Jul-16 11:50:24 PM 	Active Time:6Sec
vignesh suresh : In Time:11-Jul-16 11:50:37 PM	 Out Time:11-Jul-16 11:50:47 PM 	Active Time:9Sec
vignesh suresh : In Time:12-Jul-16 12:11:04 AM	 Out Time:12-Jul-16 12:11:15 AM 	Active Time:11Sec
vignesh suresh : In Time:12-Jul-16 12:11:28 AM	 Out Time:12-Jul-16 12:11:37 AM 	Active Time:8Sec
vignesh suresh : In Time:12-Jul-16 12:11:51 AM	 Out Time:12-Jul-16 12:12:05 AM 	Active Time:14Sec
computer Disconnected at :12-Jul-16 12:29:06 AM
computer    Connected at :12-Jul-16 12:30:16 AM
vignesh suresh : In Time:12-Jul-16 12:32:49 AM	 Out Time:12-Jul-16 12:32:55 AM 	Active Time:6Sec
vignesh suresh : In Time:12-Jul-16 12:33:37 AM	 Out Time:12-Jul-16 12:33:37 AM 	Active Time:0Sec
**** From :12-Jul-16 9:26:20 AM****
computer Disconnected at :12-Jul-16 9:34:34 AM
computer    Connected at :12-Jul-16 9:34:46 AM
vignesh suresh : In Time:12-Jul-16 10:15:00 AM	 Out Time:12-Jul-16 10:15:10 AM 	Active Time:9Sec
vignesh suresh : In Time:12-Jul-16 10:18:53 AM	 Out Time:12-Jul-16 10:18:55 AM 	Active Time:2Sec
vignesh suresh : In Time:12-Jul-16 10:19:10 AM	 Out Time:12-Jul-16 10:19:18 AM 	Active Time:8Sec
computer Disconnected at :12-Jul-16 10:22:38 AM
computer    Connected at :12-Jul-16 10:22:48 AM
computer Disconnected at :12-Jul-16 10:56:42 AM
computer    Connected at :12-Jul-16 10:57:13 AM
vignesh suresh : In Time:12-Jul-16 10:58:41 AM	 Out Time:12-Jul-16 10:58:45 AM 	Active Time:3Sec
vignesh suresh : In Time:12-Jul-16 10:58:58 AM	 Out Time:12-Jul-16 10:59:09 AM 	Active Time:11Sec
vignesh suresh : In Time:12-Jul-16 10:59:20 AM	 Out Time:12-Jul-16 10:59:33 AM 	Active Time:12Sec
vignesh suresh : In Time:12-Jul-16 10:59:42 AM	 Out Time:12-Jul-16 10:59:45 AM 	Active Time:3Sec
computer Disconnected at :12-Jul-16 11:00:03 AM
computer    Connected at :12-Jul-16 11:00:17 AM
phone Disconnected at :12-Jul-16 11:00:20 AM
phone    Connected at :12-Jul-16 11:01:11 AM
phone Disconnected at :12-Jul-16 11:01:34 AM
phone    Connected at :12-Jul-16 11:01:39 AM
bharathy : In Time:12-Jul-16 11:30:22 AM	 Out Time:12-Jul-16 11:30:23 AM 	Active Time:0Sec
bharathy : In Time:12-Jul-16 11:30:37 AM	 Out Time:12-Jul-16 11:30:38 AM 	Active Time:0Sec
vignesh suresh : In Time:12-Jul-16 11:32:55 AM	 Out Time:12-Jul-16 11:33:04 AM 	Active Time:9Sec
vignesh suresh : In Time:12-Jul-16 11:33:14 AM	 Out Time:12-Jul-16 11:33:27 AM 	Active Time:12Sec
vignesh suresh : In Time:12-Jul-16 11:33:37 AM	 Out Time:12-Jul-16 11:33:44 AM 	Active Time:7Sec
vignesh suresh : In Time:12-Jul-16 11:34:00 AM	 Out Time:12-Jul-16 11:34:10 AM 	Active Time:10Sec
vignesh suresh : In Time:12-Jul-16 11:34:21 AM	 Out Time:12-Jul-16 11:34:37 AM 	Active Time:15Sec
vignesh suresh : In Time:12-Jul-16 11:34:50 AM	 Out Time:12-Jul-16 11:35:02 AM 	Active Time:11Sec
vignesh suresh : In Time:12-Jul-16 11:35:18 AM	 Out Time:12-Jul-16 11:35:31 AM 	Active Time:13Sec
vignesh suresh : In Time:12-Jul-16 11:35:42 AM	 Out Time:12-Jul-16 11:35:52 AM 	Active Time:10Sec
vignesh suresh : In Time:12-Jul-16 11:36:08 AM	 Out Time:12-Jul-16 11:36:23 AM 	Active Time:14Sec
vignesh suresh : In Time:12-Jul-16 11:36:35 AM	 Out Time:12-Jul-16 11:36:50 AM 	Active Time:14Sec
vignesh suresh : In Time:12-Jul-16 11:37:02 AM	 Out Time:12-Jul-16 11:37:13 AM 	Active Time:11Sec
vignesh suresh : In Time:12-Jul-16 11:37:26 AM	 Out Time:12-Jul-16 11:37:37 AM 	Active Time:11Sec
vignesh suresh : In Time:12-Jul-16 11:37:47 AM	 Out Time:12-Jul-16 11:37:57 AM 	Active Time:10Sec
vignesh suresh : In Time:12-Jul-16 11:38:11 AM	 Out Time:12-Jul-16 11:38:24 AM 	Active Time:13Sec
vignesh suresh : In Time:12-Jul-16 11:38:35 AM	 Out Time:12-Jul-16 11:38:50 AM 	Active Time:14Sec
vignesh suresh : In Time:12-Jul-16 11:39:04 AM	 Out Time:12-Jul-16 11:39:18 AM 	Active Time:13Sec
vignesh suresh : In Time:12-Jul-16 11:39:33 AM	 Out Time:12-Jul-16 11:39:44 AM 	Active Time:10Sec
vignesh suresh : In Time:12-Jul-16 11:39:56 AM	 Out Time:12-Jul-16 11:40:02 AM 	Active Time:5Sec
vignesh suresh : In Time:12-Jul-16 11:40:03 AM	 Out Time:12-Jul-16 11:40:12 AM 	Active Time:8Sec
vignesh suresh : In Time:12-Jul-16 11:40:28 AM	 Out Time:12-Jul-16 11:40:45 AM 	Active Time:17Sec
vignesh suresh : In Time:12-Jul-16 11:41:00 AM	 Out Time:12-Jul-16 11:41:15 AM 	Active Time:15Sec
vignesh suresh : In Time:12-Jul-16 11:41:26 AM	 Out Time:12-Jul-16 11:41:38 AM 	Active Time:11Sec
vignesh suresh : In Time:12-Jul-16 11:41:49 AM	 Out Time:12-Jul-16 11:42:00 AM 	Active Time:10Sec
vignesh suresh : In Time:12-Jul-16 11:42:11 AM	 Out Time:12-Jul-16 11:42:24 AM 	Active Time:13Sec
vignesh suresh : In Time:12-Jul-16 11:42:34 AM	 Out Time:12-Jul-16 11:42:46 AM 	Active Time:11Sec
vignesh suresh : In Time:12-Jul-16 11:43:02 AM	 Out Time:12-Jul-16 11:43:14 AM 	Active Time:11Sec
vignesh suresh : In Time:12-Jul-16 11:43:26 AM	 Out Time:12-Jul-16 11:43:37 AM 	Active Time:11Sec
vignesh suresh : In Time:12-Jul-16 11:43:50 AM	 Out Time:12-Jul-16 11:44:00 AM 	Active Time:9Sec
vignesh suresh : In Time:12-Jul-16 11:44:11 AM	 Out Time:12-Jul-16 11:44:26 AM 	Active Time:14Sec
vignesh suresh : In Time:12-Jul-16 11:44:40 AM	 Out Time:12-Jul-16 11:44:56 AM 	Active Time:15Sec
bharathy : In Time:12-Jul-16 11:44:57 AM	 Out Time:12-Jul-16 11:45:07 AM 	Active Time:9Sec
vignesh suresh : In Time:12-Jul-16 11:45:08 AM	 Out Time:12-Jul-16 11:45:20 AM 	Active Time:11Sec
bharathy : In Time:12-Jul-16 11:45:21 AM	 Out Time:12-Jul-16 11:45:23 AM 	Active Time:1Sec
bharathy : In Time:12-Jul-16 11:45:25 AM	 Out Time:12-Jul-16 11:45:36 AM 	Active Time:10Sec
vignesh suresh : In Time:12-Jul-16 11:45:37 AM	 Out Time:12-Jul-16 11:45:51 AM 	Active Time:13Sec
bharathy : In Time:12-Jul-16 11:45:52 AM	 Out Time:12-Jul-16 11:46:05 AM 	Active Time:13Sec
vignesh suresh : In Time:12-Jul-16 11:46:06 AM	 Out Time:12-Jul-16 11:46:19 AM 	Active Time:13Sec
bharathy : In Time:12-Jul-16 11:46:20 AM	 Out Time:12-Jul-16 11:46:30 AM 	Active Time:10Sec
vignesh suresh : In Time:12-Jul-16 11:46:31 AM	 Out Time:12-Jul-16 11:46:45 AM 	Active Time:14Sec
bharathy : In Time:12-Jul-16 11:46:46 AM	 Out Time:12-Jul-16 11:46:59 AM 	Active Time:12Sec
vignesh suresh : In Time:12-Jul-16 11:47:00 AM	 Out Time:12-Jul-16 11:47:11 AM 	Active Time:11Sec
bharathy : In Time:12-Jul-16 11:47:12 AM	 Out Time:12-Jul-16 11:47:27 AM 	Active Time:14Sec
vignesh suresh : In Time:12-Jul-16 11:47:28 AM	 Out Time:12-Jul-16 11:47:41 AM 	Active Time:13Sec
bharathy : In Time:12-Jul-16 11:47:42 AM	 Out Time:12-Jul-16 11:47:57 AM 	Active Time:15Sec
bharathy : In Time:12-Jul-16 11:48:10 AM	 Out Time:12-Jul-16 11:48:24 AM 	Active Time:14Sec
bharathy : In Time:12-Jul-16 11:49:37 AM	 Out Time:12-Jul-16 11:49:39 AM 	Active Time:1Sec
bharathy : In Time:12-Jul-16 11:49:54 AM	 Out Time:12-Jul-16 11:50:05 AM 	Active Time:11Sec
bharathy : In Time:12-Jul-16 12:34:49 PM	 Out Time:12-Jul-16 12:34:59 PM 	Active Time:10Sec
bharathy : In Time:12-Jul-16 12:35:11 PM	 Out Time:12-Jul-16 12:35:12 PM 	Active Time:1Sec
bharathy : In Time:12-Jul-16 1:07:59 PM	 Out Time:12-Jul-16 1:08:08 PM 	Active Time:9Sec
bharathy : In Time:12-Jul-16 1:08:20 PM	 Out Time:12-Jul-16 1:08:31 PM 	Active Time:11Sec
phone Disconnected at :12-Jul-16 2:32:48 PM
phone    Connected at :12-Jul-16 2:43:30 PM
phone Disconnected at :12-Jul-16 4:20:58 PM
phone    Connected at :12-Jul-16 4:29:13 PM
phone Disconnected at :12-Jul-16 4:29:36 PM
phone    Connected at :12-Jul-16 4:29:44 PM
phone Disconnected at :12-Jul-16 4:33:47 PM
phone    Connected at :12-Jul-16 4:33:50 PM
phone Disconnected at :12-Jul-16 4:34:11 PM
phone    Connected at :12-Jul-16 4:34:34 PM
phone Disconnected at :12-Jul-16 4:34:55 PM
phone    Connected at :12-Jul-16 4:35:09 PM
phone Disconnected at :12-Jul-16 4:36:00 PM
phone    Connected at :12-Jul-16 4:36:36 PM
phone Disconnected at :12-Jul-16 4:37:56 PM
phone    Connected at :12-Jul-16 4:39:32 PM
phone Disconnected at :12-Jul-16 5:35:20 PM
phone    Connected at :12-Jul-16 5:35:57 PM
phone Disconnected at :12-Jul-16 5:36:30 PM
phone    Connected at :12-Jul-16 5:37:18 PM
phone Disconnected at :12-Jul-16 5:37:53 PM
phone    Connected at :12-Jul-16 5:39:13 PM
phone Disconnected at :12-Jul-16 5:41:16 PM
phone    Connected at :12-Jul-16 5:41:27 PM
phone Disconnected at :12-Jul-16 5:45:20 PM
phone    Connected at :12-Jul-16 5:48:14 PM
phone Disconnected at :12-Jul-16 5:49:59 PM
phone    Connected at :12-Jul-16 5:50:31 PM
anbu : In Time:12-Jul-16 6:22:58 PM	 Out Time:12-Jul-16 6:23:05 PM 	Active Time:7Sec
anbu : In Time:12-Jul-16 6:23:21 PM	 Out Time:12-Jul-16 6:23:25 PM 	Active Time:3Sec
phone Disconnected at :12-Jul-16 6:26:48 PM
phone    Connected at :12-Jul-16 6:38:26 PM
phone Disconnected at :12-Jul-16 6:49:09 PM
phone    Connected at :12-Jul-16 6:54:59 PM
phone Disconnected at :12-Jul-16 7:03:32 PM
phone    Connected at :12-Jul-16 7:09:09 PM
phone Disconnected at :12-Jul-16 8:31:56 PM
phone    Connected at :12-Jul-16 8:44:27 PM
computer Disconnected at :12-Jul-16 9:05:10 PM
computer    Connected at :12-Jul-16 9:11:40 PM
phone Disconnected at :12-Jul-16 9:11:44 PM
phone    Connected at :12-Jul-16 9:12:00 PM
computer Disconnected at :12-Jul-16 9:39:19 PM
computer    Connected at :12-Jul-16 9:39:31 PM
computer Disconnected at :12-Jul-16 9:43:22 PM
computer    Connected at :12-Jul-16 9:43:36 PM
vignesh suresh : In Time:12-Jul-16 10:02:12 PM	 Out Time:12-Jul-16 10:02:20 PM 	Active Time:7Sec
vignesh suresh : In Time:12-Jul-16 10:02:33 PM	 Out Time:12-Jul-16 10:02:47 PM 	Active Time:13Sec
vignesh suresh : In Time:12-Jul-16 10:02:56 PM	 Out Time:12-Jul-16 10:03:05 PM 	Active Time:9Sec
vignesh suresh : In Time:12-Jul-16 10:03:19 PM	 Out Time:12-Jul-16 10:03:29 PM 	Active Time:10Sec
vignesh suresh : In Time:12-Jul-16 10:03:44 PM	 Out Time:12-Jul-16 10:03:56 PM 	Active Time:12Sec
vignesh suresh : In Time:12-Jul-16 10:22:18 PM	 Out Time:12-Jul-16 10:22:28 PM 	Active Time:9Sec
vignesh suresh : In Time:12-Jul-16 10:22:38 PM	 Out Time:12-Jul-16 10:22:48 PM 	Active Time:9Sec
vignesh suresh : In Time:12-Jul-16 10:22:56 PM	 Out Time:12-Jul-16 10:23:05 PM 	Active Time:8Sec
vignesh suresh : In Time:12-Jul-16 10:23:20 PM	 Out Time:12-Jul-16 10:23:20 PM 	Active Time:0Sec
bharathy : In Time:12-Jul-16 10:24:19 PM	 Out Time:12-Jul-16 10:24:25 PM 	Active Time:6Sec
**** From :12-Jul-16 10:35:17 PM****
bharathy : In Time:12-Jul-16 10:36:00 PM	 Out Time:12-Jul-16 10:36:17 PM 	Active Time:16Sec
bharathy : In Time:12-Jul-16 10:36:28 PM	 Out Time:12-Jul-16 10:36:33 PM 	Active Time:5Sec
bharathy : In Time:12-Jul-16 10:37:17 PM	 Out Time:12-Jul-16 10:37:33 PM 	Active Time:15Sec
bharathy : In Time:12-Jul-16 10:37:45 PM	 Out Time:12-Jul-16 10:37:56 PM 	Active Time:11Sec
bharathy : In Time:12-Jul-16 10:38:06 PM	 Out Time:12-Jul-16 10:38:20 PM 	Active Time:13Sec
bharathy : In Time:12-Jul-16 10:38:30 PM	 Out Time:12-Jul-16 10:38:40 PM 	Active Time:9Sec
bharathy : In Time:12-Jul-16 10:38:52 PM	 Out Time:12-Jul-16 10:39:00 PM 	Active Time:8Sec
bharathy : In Time:12-Jul-16 10:39:12 PM	 Out Time:12-Jul-16 10:39:26 PM 	Active Time:14Sec
bharathy : In Time:12-Jul-16 10:39:40 PM	 Out Time:12-Jul-16 10:39:54 PM 	Active Time:14Sec
bharathy : In Time:12-Jul-16 10:40:03 PM	 Out Time:12-Jul-16 10:40:11 PM 	Active Time:8Sec
bharathy : In Time:12-Jul-16 10:40:22 PM	 Out Time:12-Jul-16 10:40:32 PM 	Active Time:10Sec
bharathy : In Time:12-Jul-16 10:40:46 PM	 Out Time:12-Jul-16 10:40:50 PM 	Active Time:4Sec
suresh kali : In Time:12-Jul-16 11:39:25 PM	 Out Time:12-Jul-16 11:39:29 PM 	Active Time:3Sec
**** From :13-Jul-16 9:35:25 AM****
phone Disconnected at :13-Jul-16 9:45:50 AM
phone    Connected at :13-Jul-16 9:51:29 AM
suresh kali : In Time:13-Jul-16 10:10:47 AM	 Out Time:13-Jul-16 10:10:58 AM 	Active Time:10Sec
suresh kali : In Time:13-Jul-16 10:11:10 AM	 Out Time:13-Jul-16 10:11:22 AM 	Active Time:12Sec
suresh kali : In Time:13-Jul-16 10:11:34 AM	 Out Time:13-Jul-16 10:11:43 AM 	Active Time:8Sec
suresh kali : In Time:13-Jul-16 10:11:56 AM	 Out Time:13-Jul-16 10:12:09 AM 	Active Time:12Sec
suresh kali : In Time:13-Jul-16 10:12:23 AM	 Out Time:13-Jul-16 10:12:34 AM 	Active Time:11Sec
suresh kali : In Time:13-Jul-16 10:12:43 AM	 Out Time:13-Jul-16 10:12:47 AM 	Active Time:3Sec
computer Disconnected at :13-Jul-16 10:41:02 AM
computer    Connected at :13-Jul-16 10:41:14 AM
suresh kali : In Time:13-Jul-16 10:41:16 AM	 Out Time:13-Jul-16 10:41:17 AM 	Active Time:0Sec
suresh kali : In Time:13-Jul-16 10:46:05 AM	 Out Time:13-Jul-16 10:46:11 AM 	Active Time:5Sec
phone Disconnected at :13-Jul-16 11:01:09 AM
phone    Connected at :13-Jul-16 11:01:19 AM
phone Disconnected at :13-Jul-16 11:01:39 AM
phone    Connected at :13-Jul-16 11:01:54 AM
computer Disconnected at :13-Jul-16 11:15:07 AM
computer    Connected at :13-Jul-16 11:15:39 AM
computer Disconnected at :13-Jul-16 11:15:59 AM
**** From :13-Jul-16 11:21:08 AM****
bharathy : In Time:13-Jul-16 11:26:47 AM	 Out Time:13-Jul-16 11:26:48 AM 	Active Time:1Sec
bharathy : In Time:13-Jul-16 11:27:01 AM	 Out Time:13-Jul-16 11:27:09 AM 	Active Time:8Sec
bharathy : In Time:13-Jul-16 11:27:23 AM	 Out Time:13-Jul-16 11:27:35 AM 	Active Time:11Sec
bharathy : In Time:13-Jul-16 11:27:46 AM	 Out Time:13-Jul-16 11:27:55 AM 	Active Time:9Sec
bharathy : In Time:13-Jul-16 11:28:10 AM	 Out Time:13-Jul-16 11:28:23 AM 	Active Time:13Sec
bharathy : In Time:13-Jul-16 11:28:38 AM	 Out Time:13-Jul-16 11:28:49 AM 	Active Time:11Sec
bharathy : In Time:13-Jul-16 11:29:03 AM	 Out Time:13-Jul-16 11:29:18 AM 	Active Time:15Sec
bharathy : In Time:13-Jul-16 11:29:31 AM	 Out Time:13-Jul-16 11:29:40 AM 	Active Time:9Sec
bharathy : In Time:13-Jul-16 11:29:54 AM	 Out Time:13-Jul-16 11:30:09 AM 	Active Time:14Sec
bharathy : In Time:13-Jul-16 11:30:18 AM	 Out Time:13-Jul-16 11:30:28 AM 	Active Time:9Sec
bharathy : In Time:13-Jul-16 11:30:40 AM	 Out Time:13-Jul-16 11:30:49 AM 	Active Time:9Sec
bharathy : In Time:13-Jul-16 11:30:59 AM	 Out Time:13-Jul-16 11:31:12 AM 	Active Time:12Sec
bharathy : In Time:13-Jul-16 11:31:21 AM	 Out Time:13-Jul-16 11:31:30 AM 	Active Time:9Sec
bharathy : In Time:13-Jul-16 11:31:45 AM	 Out Time:13-Jul-16 11:31:51 AM 	Active Time:6Sec
bharathy : In Time:13-Jul-16 11:32:01 AM	 Out Time:13-Jul-16 11:32:15 AM 	Active Time:14Sec
bharathy : In Time:13-Jul-16 11:32:30 AM	 Out Time:13-Jul-16 11:32:44 AM 	Active Time:14Sec
bharathy : In Time:13-Jul-16 11:32:53 AM	 Out Time:13-Jul-16 11:33:06 AM 	Active Time:12Sec
bharathy : In Time:13-Jul-16 11:33:16 AM	 Out Time:13-Jul-16 11:33:26 AM 	Active Time:9Sec
bharathy : In Time:13-Jul-16 11:33:34 AM	 Out Time:13-Jul-16 11:33:43 AM 	Active Time:9Sec
bharathy : In Time:13-Jul-16 11:33:54 AM	 Out Time:13-Jul-16 11:34:02 AM 	Active Time:8Sec
bharathy : In Time:13-Jul-16 11:34:10 AM	 Out Time:13-Jul-16 11:34:21 AM 	Active Time:10Sec
bharathy : In Time:13-Jul-16 11:34:33 AM	 Out Time:13-Jul-16 11:34:43 AM 	Active Time:9Sec
bharathy : In Time:13-Jul-16 11:34:52 AM	 Out Time:13-Jul-16 11:35:06 AM 	Active Time:14Sec
bharathy : In Time:13-Jul-16 11:35:18 AM	 Out Time:13-Jul-16 11:35:31 AM 	Active Time:12Sec
bharathy : In Time:13-Jul-16 11:35:41 AM	 Out Time:13-Jul-16 11:35:49 AM 	Active Time:8Sec
bharathy : In Time:13-Jul-16 11:36:00 AM	 Out Time:13-Jul-16 11:36:08 AM 	Active Time:8Sec
bharathy : In Time:13-Jul-16 11:36:17 AM	 Out Time:13-Jul-16 11:36:29 AM 	Active Time:12Sec
bharathy : In Time:13-Jul-16 11:36:39 AM	 Out Time:13-Jul-16 11:36:49 AM 	Active Time:10Sec
bharathy : In Time:13-Jul-16 11:37:00 AM	 Out Time:13-Jul-16 11:37:11 AM 	Active Time:11Sec
bharathy : In Time:13-Jul-16 11:37:23 AM	 Out Time:13-Jul-16 11:37:35 AM 	Active Time:12Sec
bharathy : In Time:13-Jul-16 11:37:48 AM	 Out Time:13-Jul-16 11:37:59 AM 	Active Time:11Sec
bharathy : In Time:13-Jul-16 11:38:08 AM	 Out Time:13-Jul-16 11:38:21 AM 	Active Time:13Sec
bharathy : In Time:13-Jul-16 11:38:35 AM	 Out Time:13-Jul-16 11:38:49 AM 	Active Time:14Sec
bharathy : In Time:13-Jul-16 11:38:57 AM	 Out Time:13-Jul-16 11:39:08 AM 	Active Time:10Sec
bharathy : In Time:13-Jul-16 11:39:18 AM	 Out Time:13-Jul-16 11:39:27 AM 	Active Time:8Sec
bharathy : In Time:13-Jul-16 11:39:39 AM	 Out Time:13-Jul-16 11:39:48 AM 	Active Time:9Sec
bharathy : In Time:13-Jul-16 11:40:00 AM	 Out Time:13-Jul-16 11:40:09 AM 	Active Time:9Sec
bharathy : In Time:13-Jul-16 11:40:23 AM	 Out Time:13-Jul-16 11:40:36 AM 	Active Time:13Sec
suresh kali : In Time:13-Jul-16 11:42:11 AM	 Out Time:13-Jul-16 11:42:25 AM 	Active Time:14Sec
suresh kali : In Time:13-Jul-16 11:42:35 AM	 Out Time:13-Jul-16 11:42:47 AM 	Active Time:12Sec
suresh kali : In Time:13-Jul-16 11:43:03 AM	 Out Time:13-Jul-16 11:43:05 AM 	Active Time:2Sec
suresh kali : In Time:13-Jul-16 12:12:27 PM	 Out Time:13-Jul-16 12:12:38 PM 	Active Time:11Sec
suresh kali : In Time:13-Jul-16 12:12:51 PM	 Out Time:13-Jul-16 12:12:54 PM 	Active Time:3Sec
bharathy : In Time:13-Jul-16 12:52:30 PM	 Out Time:13-Jul-16 12:52:36 PM 	Active Time:6Sec
bharathy : In Time:13-Jul-16 12:52:49 PM	 Out Time:13-Jul-16 12:53:03 PM 	Active Time:13Sec
bharathy : In Time:13-Jul-16 12:53:18 PM	 Out Time:13-Jul-16 12:53:30 PM 	Active Time:12Sec
bharathy : In Time:13-Jul-16 12:53:40 PM	 Out Time:13-Jul-16 12:53:51 PM 	Active Time:10Sec
bharathy : In Time:13-Jul-16 12:54:07 PM	 Out Time:13-Jul-16 12:54:22 PM 	Active Time:15Sec
bharathy : In Time:13-Jul-16 12:54:38 PM	 Out Time:13-Jul-16 12:54:50 PM 	Active Time:12Sec
bharathy : In Time:13-Jul-16 12:55:00 PM	 Out Time:13-Jul-16 12:55:13 PM 	Active Time:13Sec
bharathy : In Time:13-Jul-16 12:55:27 PM	 Out Time:13-Jul-16 12:55:39 PM 	Active Time:12Sec
bharathy : In Time:13-Jul-16 12:55:49 PM	 Out Time:13-Jul-16 12:56:02 PM 	Active Time:13Sec
bharathy : In Time:13-Jul-16 12:56:17 PM	 Out Time:13-Jul-16 12:56:31 PM 	Active Time:14Sec
bharathy : In Time:13-Jul-16 12:56:47 PM	 Out Time:13-Jul-16 12:56:56 PM 	Active Time:9Sec
bharathy : In Time:13-Jul-16 12:57:11 PM	 Out Time:13-Jul-16 12:57:24 PM 	Active Time:12Sec
bharathy : In Time:13-Jul-16 12:57:39 PM	 Out Time:13-Jul-16 12:57:49 PM 	Active Time:9Sec
bharathy : In Time:13-Jul-16 12:58:01 PM	 Out Time:13-Jul-16 12:58:16 PM 	Active Time:14Sec
bharathy : In Time:13-Jul-16 12:58:29 PM	 Out Time:13-Jul-16 12:58:43 PM 	Active Time:13Sec
bharathy : In Time:13-Jul-16 12:59:05 PM	 Out Time:13-Jul-16 12:59:07 PM 	Active Time:1Sec
bharathy : In Time:13-Jul-16 12:59:19 PM	 Out Time:13-Jul-16 12:59:34 PM 	Active Time:14Sec
bharathy : In Time:13-Jul-16 12:59:46 PM	 Out Time:13-Jul-16 1:00:00 PM 	Active Time:13Sec
bharathy : In Time:13-Jul-16 1:00:16 PM	 Out Time:13-Jul-16 1:00:27 PM 	Active Time:10Sec
bharathy : In Time:13-Jul-16 1:00:40 PM	 Out Time:13-Jul-16 1:00:51 PM 	Active Time:11Sec
bharathy : In Time:13-Jul-16 1:01:06 PM	 Out Time:13-Jul-16 1:01:22 PM 	Active Time:15Sec
bharathy : In Time:13-Jul-16 1:01:35 PM	 Out Time:13-Jul-16 1:01:51 PM 	Active Time:15Sec
bharathy : In Time:13-Jul-16 1:02:03 PM	 Out Time:13-Jul-16 1:02:18 PM 	Active Time:14Sec
bharathy : In Time:13-Jul-16 1:02:33 PM	 Out Time:13-Jul-16 1:02:42 PM 	Active Time:9Sec
bharathy : In Time:13-Jul-16 1:03:24 PM	 Out Time:13-Jul-16 1:03:36 PM 	Active Time:11Sec
bharathy : In Time:13-Jul-16 1:03:48 PM	 Out Time:13-Jul-16 1:03:59 PM 	Active Time:10Sec
bharathy : In Time:13-Jul-16 1:05:32 PM	 Out Time:13-Jul-16 1:05:46 PM 	Active Time:13Sec
bharathy : In Time:13-Jul-16 1:05:59 PM	 Out Time:13-Jul-16 1:06:16 PM 	Active Time:16Sec
bharathy : In Time:13-Jul-16 1:06:32 PM	 Out Time:13-Jul-16 1:06:47 PM 	Active Time:14Sec
bharathy : In Time:13-Jul-16 1:06:57 PM	 Out Time:13-Jul-16 1:07:01 PM 	Active Time:4Sec
bharathy : In Time:13-Jul-16 1:07:06 PM	 Out Time:13-Jul-16 1:07:09 PM 	Active Time:2Sec
bharathy : In Time:13-Jul-16 1:07:20 PM	 Out Time:13-Jul-16 1:07:24 PM 	Active Time:3Sec
bharathy : In Time:13-Jul-16 1:07:26 PM	 Out Time:13-Jul-16 1:07:35 PM 	Active Time:8Sec
bharathy : In Time:13-Jul-16 1:07:45 PM	 Out Time:13-Jul-16 1:07:56 PM 	Active Time:10Sec
bharathy : In Time:13-Jul-16 1:08:13 PM	 Out Time:13-Jul-16 1:08:27 PM 	Active Time:13Sec
bharathy : In Time:13-Jul-16 1:08:39 PM	 Out Time:13-Jul-16 1:08:49 PM 	Active Time:10Sec
bharathy : In Time:13-Jul-16 1:09:00 PM	 Out Time:13-Jul-16 1:09:14 PM 	Active Time:14Sec
bharathy : In Time:13-Jul-16 1:10:54 PM	 Out Time:13-Jul-16 1:11:03 PM 	Active Time:8Sec
bharathy : In Time:13-Jul-16 1:11:19 PM	 Out Time:13-Jul-16 1:11:32 PM 	Active Time:12Sec
bharathy : In Time:13-Jul-16 1:11:47 PM	 Out Time:13-Jul-16 1:12:00 PM 	Active Time:13Sec
bharathy : In Time:13-Jul-16 1:12:15 PM	 Out Time:13-Jul-16 1:12:29 PM 	Active Time:14Sec
bharathy : In Time:13-Jul-16 1:15:29 PM	 Out Time:13-Jul-16 1:15:30 PM 	Active Time:1Sec
bharathy : In Time:13-Jul-16 1:15:45 PM	 Out Time:13-Jul-16 1:16:00 PM 	Active Time:15Sec
bharathy : In Time:13-Jul-16 1:16:13 PM	 Out Time:13-Jul-16 1:16:25 PM 	Active Time:12Sec
bharathy : In Time:13-Jul-16 1:16:37 PM	 Out Time:13-Jul-16 1:16:50 PM 	Active Time:13Sec
bharathy : In Time:13-Jul-16 1:17:05 PM	 Out Time:13-Jul-16 1:17:09 PM 	Active Time:4Sec

phone Disconnected at :13-Jul-16 1:46:42 PM
phone    Connected at :13-Jul-16 1:49:57 PM

phone Disconnected at :13-Jul-16 2:06:56 PM
phone    Connected at :13-Jul-16 2:30:05 PM
**** From :13-Jul-16 4:09:04 PM****
anbu : In Time:13-Jul-16 4:09:28 PM	 Out Time:13-Jul-16 4:09:35 PM 	Active Time:7Sec
anbu : In Time:13-Jul-16 4:09:49 PM	 Out Time:13-Jul-16 4:10:02 PM 	Active Time:13Sec
anbu : In Time:13-Jul-16 4:10:13 PM	 Out Time:13-Jul-16 4:10:17 PM 	Active Time:3Sec
anbu : In Time:13-Jul-16 4:16:42 PM	 Out Time:13-Jul-16 4:16:48 PM 	Active Time:5Sec
anbu : In Time:13-Jul-16 4:17:03 PM	 Out Time:13-Jul-16 4:17:13 PM 	Active Time:10Sec
anbu : In Time:13-Jul-16 4:17:24 PM	 Out Time:13-Jul-16 4:17:27 PM 	Active Time:2Sec
anbu : In Time:13-Jul-16 4:19:26 PM	 Out Time:13-Jul-16 4:19:27 PM 	Active Time:0Sec
anbu : In Time:13-Jul-16 4:19:43 PM	 Out Time:13-Jul-16 4:19:59 PM 	Active Time:16Sec
anbu : In Time:13-Jul-16 4:20:41 PM	 Out Time:13-Jul-16 4:20:54 PM 	Active Time:13Sec
anbu : In Time:13-Jul-16 4:21:04 PM	 Out Time:13-Jul-16 4:21:20 PM 	Active Time:16Sec
anbu : In Time:13-Jul-16 4:21:34 PM	 Out Time:13-Jul-16 4:21:50 PM 	Active Time:16Sec
anbu : In Time:13-Jul-16 4:22:03 PM	 Out Time:13-Jul-16 4:22:19 PM 	Active Time:15Sec
anbu : In Time:13-Jul-16 4:22:30 PM	 Out Time:13-Jul-16 4:22:45 PM 	Active Time:15Sec
anbu : In Time:13-Jul-16 4:23:02 PM	 Out Time:13-Jul-16 4:23:10 PM 	Active Time:8Sec
anbu : In Time:13-Jul-16 4:23:23 PM	 Out Time:13-Jul-16 4:23:34 PM 	Active Time:11Sec
anbu : In Time:13-Jul-16 4:23:47 PM	 Out Time:13-Jul-16 4:24:03 PM 	Active Time:15Sec
anbu : In Time:13-Jul-16 4:24:15 PM	 Out Time:13-Jul-16 4:24:30 PM 	Active Time:14Sec
anbu : In Time:13-Jul-16 4:24:44 PM	 Out Time:13-Jul-16 4:24:56 PM 	Active Time:12Sec
anbu : In Time:13-Jul-16 4:25:08 PM	 Out Time:13-Jul-16 4:25:22 PM 	Active Time:14Sec
anbu : In Time:13-Jul-16 4:25:36 PM	 Out Time:13-Jul-16 4:25:52 PM 	Active Time:16Sec
anbu : In Time:13-Jul-16 4:26:02 PM	 Out Time:13-Jul-16 4:26:18 PM 	Active Time:15Sec
anbu : In Time:13-Jul-16 4:26:28 PM	 Out Time:13-Jul-16 4:26:41 PM 	Active Time:12Sec
anbu : In Time:13-Jul-16 4:26:57 PM	 Out Time:13-Jul-16 4:27:09 PM 	Active Time:11Sec
anbu : In Time:13-Jul-16 4:27:19 PM	 Out Time:13-Jul-16 4:27:35 PM 	Active Time:15Sec
anbu : In Time:13-Jul-16 4:27:46 PM	 Out Time:13-Jul-16 4:27:57 PM 	Active Time:10Sec
anbu : In Time:13-Jul-16 4:28:12 PM	 Out Time:13-Jul-16 4:28:26 PM 	Active Time:14Sec
anbu : In Time:13-Jul-16 4:28:37 PM	 Out Time:13-Jul-16 4:28:52 PM 	Active Time:15Sec
anbu : In Time:13-Jul-16 4:29:07 PM	 Out Time:13-Jul-16 4:29:20 PM 	Active Time:12Sec
anbu : In Time:13-Jul-16 4:29:31 PM	 Out Time:13-Jul-16 4:29:45 PM 	Active Time:13Sec
anbu : In Time:13-Jul-16 4:30:01 PM	 Out Time:13-Jul-16 4:30:14 PM 	Active Time:12Sec
anbu : In Time:13-Jul-16 4:30:27 PM	 Out Time:13-Jul-16 4:30:40 PM 	Active Time:12Sec
anbu : In Time:13-Jul-16 4:30:51 PM	 Out Time:13-Jul-16 4:31:06 PM 	Active Time:14Sec
anbu : In Time:13-Jul-16 4:31:16 PM	 Out Time:13-Jul-16 4:31:31 PM 	Active Time:15Sec
anbu : In Time:13-Jul-16 4:31:47 PM	 Out Time:13-Jul-16 4:32:02 PM 	Active Time:15Sec
anbu : In Time:13-Jul-16 4:32:14 PM	 Out Time:13-Jul-16 4:32:25 PM 	Active Time:10Sec
anbu : In Time:13-Jul-16 4:32:41 PM	 Out Time:13-Jul-16 4:32:57 PM 	Active Time:16Sec
anbu : In Time:13-Jul-16 4:33:10 PM	 Out Time:13-Jul-16 4:33:14 PM 	Active Time:4Sec
phone Disconnected at :13-Jul-16 5:04:05 PM
phone    Connected at :13-Jul-16 5:09:04 PM
**** From :13-Jul-16 5:31:26 PM****
**** From :13-Jul-16 6:37:32 PM****
anbu : In Time:13-Jul-16 6:37:58 PM	 Out Time:13-Jul-16 6:38:07 PM 	Active Time:9Sec
anbu : In Time:13-Jul-16 6:38:23 PM	 Out Time:13-Jul-16 6:38:37 PM 	Active Time:14Sec
anbu : In Time:13-Jul-16 6:38:51 PM	 Out Time:13-Jul-16 6:39:04 PM 	Active Time:13Sec
anbu : In Time:13-Jul-16 6:39:13 PM	 Out Time:13-Jul-16 6:39:22 PM 	Active Time:8Sec
anbu : In Time:13-Jul-16 6:39:35 PM	 Out Time:13-Jul-16 6:39:46 PM 	Active Time:11Sec
anbu : In Time:13-Jul-16 6:39:58 PM	 Out Time:13-Jul-16 6:40:13 PM 	Active Time:14Sec
anbu : In Time:13-Jul-16 6:40:24 PM	 Out Time:13-Jul-16 6:40:38 PM 	Active Time:13Sec
anbu : In Time:13-Jul-16 6:40:53 PM	 Out Time:13-Jul-16 6:41:05 PM 	Active Time:12Sec
anbu : In Time:13-Jul-16 6:41:15 PM	 Out Time:13-Jul-16 6:41:26 PM 	Active Time:11Sec
anbu : In Time:13-Jul-16 6:41:40 PM	 Out Time:13-Jul-16 6:41:51 PM 	Active Time:10Sec
phone Disconnected at :13-Jul-16 7:07:15 PM
phone    Connected at :13-Jul-16 7:15:51 PM
anbu : In Time:13-Jul-16 7:16:48 PM	 Out Time:13-Jul-16 7:17:01 PM 	Active Time:12Sec
anbu : In Time:13-Jul-16 7:17:10 PM	 Out Time:13-Jul-16 7:17:23 PM 	Active Time:13Sec
anbu : In Time:13-Jul-16 7:17:37 PM	 Out Time:13-Jul-16 7:17:51 PM 	Active Time:13Sec
anbu : In Time:13-Jul-16 7:32:06 PM	 Out Time:13-Jul-16 7:32:11 PM 	Active Time:5Sec
anbu : In Time:13-Jul-16 7:32:22 PM	 Out Time:13-Jul-16 7:32:22 PM 	Active Time:0Sec
anbu : In Time:13-Jul-16 7:32:30 PM	 Out Time:13-Jul-16 7:32:35 PM 	Active Time:5Sec
anbu : In Time:13-Jul-16 7:32:49 PM	 Out Time:13-Jul-16 7:33:00 PM 	Active Time:10Sec
anbu : In Time:13-Jul-16 7:33:08 PM	 Out Time:13-Jul-16 7:33:14 PM 	Active Time:6Sec
anbu : In Time:13-Jul-16 7:34:19 PM	 Out Time:13-Jul-16 7:34:29 PM 	Active Time:9Sec
**** From :13-Jul-16 9:25:43 PM****
computer Disconnected at :13-Jul-16 9:28:04 PM
computer    Connected at :13-Jul-16 10:04:31 PM
bharathy : In Time:13-Jul-16 10:07:16 PM	 Out Time:13-Jul-16 10:07:28 PM 	Active Time:12Sec
bharathy : In Time:13-Jul-16 10:08:37 PM	 Out Time:13-Jul-16 10:08:37 PM 	Active Time:0Sec
bharathy : In Time:13-Jul-16 10:08:48 PM	 Out Time:13-Jul-16 10:08:56 PM 	Active Time:8Sec
bharathy : In Time:13-Jul-16 10:09:07 PM	 Out Time:13-Jul-16 10:09:22 PM 	Active Time:15Sec
bharathy : In Time:13-Jul-16 10:09:37 PM	 Out Time:13-Jul-16 10:09:50 PM 	Active Time:13Sec
bharathy : In Time:13-Jul-16 10:10:04 PM	 Out Time:13-Jul-16 10:10:14 PM 	Active Time:10Sec
bharathy : In Time:13-Jul-16 10:10:28 PM	 Out Time:13-Jul-16 10:10:43 PM 	Active Time:15Sec
bharathy : In Time:13-Jul-16 10:10:57 PM	 Out Time:13-Jul-16 10:11:07 PM 	Active Time:9Sec
bharathy : In Time:13-Jul-16 10:11:18 PM	 Out Time:13-Jul-16 10:11:31 PM 	Active Time:12Sec
bharathy : In Time:13-Jul-16 10:11:40 PM	 Out Time:13-Jul-16 10:11:49 PM 	Active Time:9Sec
bharathy : In Time:13-Jul-16 10:12:01 PM	 Out Time:13-Jul-16 10:12:12 PM 	Active Time:11Sec
bharathy : In Time:13-Jul-16 10:12:25 PM	 Out Time:13-Jul-16 10:12:36 PM 	Active Time:11Sec
bharathy : In Time:13-Jul-16 10:12:45 PM	 Out Time:13-Jul-16 10:12:56 PM 	Active Time:11Sec
bharathy : In Time:13-Jul-16 10:13:08 PM	 Out Time:13-Jul-16 10:13:16 PM 	Active Time:8Sec
bharathy : In Time:13-Jul-16 10:13:23 PM	 Out Time:13-Jul-16 10:13:38 PM 	Active Time:15Sec
bharathy : In Time:13-Jul-16 10:13:50 PM	 Out Time:13-Jul-16 10:13:59 PM 	Active Time:9Sec
bharathy : In Time:13-Jul-16 10:14:14 PM	 Out Time:13-Jul-16 10:14:24 PM 	Active Time:10Sec
bharathy : In Time:13-Jul-16 10:14:34 PM	 Out Time:13-Jul-16 10:14:47 PM 	Active Time:12Sec
bharathy : In Time:13-Jul-16 10:14:56 PM	 Out Time:13-Jul-16 10:15:09 PM 	Active Time:13Sec
bharathy : In Time:13-Jul-16 10:15:23 PM	 Out Time:13-Jul-16 10:15:32 PM 	Active Time:8Sec
bharathy : In Time:13-Jul-16 10:15:45 PM	 Out Time:13-Jul-16 10:15:55 PM 	Active Time:9Sec
bharathy : In Time:13-Jul-16 10:16:10 PM	 Out Time:13-Jul-16 10:16:21 PM 	Active Time:11Sec
bharathy : In Time:13-Jul-16 10:16:33 PM	 Out Time:13-Jul-16 10:16:44 PM 	Active Time:11Sec
bharathy : In Time:13-Jul-16 10:16:55 PM	 Out Time:13-Jul-16 10:17:06 PM 	Active Time:11Sec
phone Disconnected at :13-Jul-16 10:37:55 PM
phone    Connected at :13-Jul-16 10:43:01 PM
phone Disconnected at :13-Jul-16 10:53:35 PM
phone    Connected at :13-Jul-16 10:57:09 PM
**** From :13-Jul-16 11:56:35 PM****
bharathy : In Time:14-Jul-16 9:06:06 AM	 Out Time:14-Jul-16 9:06:12 AM 	Active Time:6Sec
bharathy : In Time:14-Jul-16 9:06:22 AM	 Out Time:14-Jul-16 9:06:31 AM 	Active Time:9Sec
bharathy : In Time:14-Jul-16 9:06:43 AM	 Out Time:14-Jul-16 9:06:47 AM 	Active Time:3Sec
suresh kali : In Time:14-Jul-16 9:08:05 AM	 Out Time:14-Jul-16 9:08:11 AM 	Active Time:6Sec
suresh kali : In Time:14-Jul-16 9:08:21 AM	 Out Time:14-Jul-16 9:08:25 AM 	Active Time:3Sec
suresh kali : In Time:14-Jul-16 9:08:28 AM	 Out Time:14-Jul-16 9:08:29 AM 	Active Time:1Sec
suresh kali : In Time:14-Jul-16 9:08:38 AM	 Out Time:14-Jul-16 9:08:49 AM 	Active Time:10Sec
suresh kali : In Time:14-Jul-16 9:08:58 AM	 Out Time:14-Jul-16 9:09:04 AM 	Active Time:6Sec
suresh kali : In Time:14-Jul-16 9:09:05 AM	 Out Time:14-Jul-16 9:09:11 AM 	Active Time:5Sec
suresh kali : In Time:14-Jul-16 9:09:19 AM	 Out Time:14-Jul-16 9:09:31 AM 	Active Time:12Sec
suresh kali : In Time:14-Jul-16 10:11:41 AM	 Out Time:14-Jul-16 10:11:49 AM 	Active Time:8Sec
suresh kali : In Time:14-Jul-16 10:12:04 AM	 Out Time:14-Jul-16 10:12:04 AM 	Active Time:0Sec
computer Disconnected at :14-Jul-16 10:36:40 AM
computer    Connected at :14-Jul-16 10:56:14 AM
phone Disconnected at :14-Jul-16 10:56:17 AM
phone    Connected at :14-Jul-16 10:56:20 AM
phone Disconnected at :14-Jul-16 11:07:26 AM
phone    Connected at :14-Jul-16 11:07:57 AM
phone Disconnected at :14-Jul-16 11:10:53 AM
phone    Connected at :14-Jul-16 11:11:03 AM
computer Disconnected at :14-Jul-16 11:11:21 AM
computer    Connected at :14-Jul-16 11:12:53 AM
**** From :03-Aug-16 2:05:21 PM****
suresh kali : In Time:03-Aug-16 2:24:03 PM	 Out Time:03-Aug-16 2:24:13 PM 	Active Time:10Sec
suresh kali : In Time:03-Aug-16 2:24:21 PM	 Out Time:03-Aug-16 2:24:28 PM 	Active Time:7Sec
suresh kali : In Time:03-Aug-16 2:27:47 PM	 Out Time:03-Aug-16 2:27:56 PM 	Active Time:8Sec
suresh kali : In Time:03-Aug-16 2:28:09 PM	 Out Time:03-Aug-16 2:28:11 PM 	Active Time:1Sec
suresh kali : In Time:03-Aug-16 2:28:38 PM	 Out Time:03-Aug-16 2:28:43 PM 	Active Time:5Sec
suresh kali : In Time:03-Aug-16 2:28:56 PM	 Out Time:03-Aug-16 2:29:11 PM 	Active Time:14Sec
suresh kali : In Time:03-Aug-16 2:29:22 PM	 Out Time:03-Aug-16 2:29:35 PM 	Active Time:13Sec
suresh kali : In Time:03-Aug-16 2:29:44 PM	 Out Time:03-Aug-16 2:29:57 PM 	Active Time:12Sec
suresh kali : In Time:03-Aug-16 2:30:09 PM	 Out Time:03-Aug-16 2:30:19 PM 	Active Time:9Sec
phone Disconnected at :03-Aug-16 2:40:40 PM
phone    Connected at :03-Aug-16 2:42:50 PM
suresh kali : In Time:03-Aug-16 2:46:24 PM	 Out Time:03-Aug-16 2:46:34 PM 	Active Time:10Sec
suresh kali : In Time:03-Aug-16 2:46:48 PM	 Out Time:03-Aug-16 2:47:03 PM 	Active Time:14Sec
suresh kali : In Time:03-Aug-16 2:47:17 PM	 Out Time:03-Aug-16 2:47:27 PM 	Active Time:9Sec
suresh kali : In Time:03-Aug-16 2:47:36 PM	 Out Time:03-Aug-16 2:47:51 PM 	Active Time:14Sec
suresh kali : In Time:03-Aug-16 2:48:00 PM	 Out Time:03-Aug-16 2:48:13 PM 	Active Time:13Sec
suresh kali : In Time:03-Aug-16 2:48:26 PM	 Out Time:03-Aug-16 2:48:40 PM 	Active Time:14Sec
suresh kali : In Time:03-Aug-16 2:48:54 PM	 Out Time:03-Aug-16 2:48:59 PM 	Active Time:4Sec
phone Disconnected at :03-Aug-16 2:49:02 PM
phone    Connected at :03-Aug-16 2:49:28 PM
suresh kali : In Time:03-Aug-16 2:50:05 PM	 Out Time:03-Aug-16 2:50:18 PM 	Active Time:13Sec
suresh kali : In Time:03-Aug-16 2:50:31 PM	 Out Time:03-Aug-16 2:50:46 PM 	Active Time:14Sec
suresh kali : In Time:03-Aug-16 2:50:56 PM	 Out Time:03-Aug-16 2:51:02 PM 	Active Time:6Sec
suresh kali : In Time:03-Aug-16 2:51:17 PM	 Out Time:03-Aug-16 2:51:28 PM 	Active Time:10Sec
suresh kali : In Time:03-Aug-16 2:51:40 PM	 Out Time:03-Aug-16 2:51:55 PM 	Active Time:14Sec
suresh kali : In Time:03-Aug-16 2:52:08 PM	 Out Time:03-Aug-16 2:52:20 PM 	Active Time:11Sec
suresh kali : In Time:03-Aug-16 2:53:04 PM	 Out Time:03-Aug-16 2:53:09 PM 	Active Time:5Sec
suresh kali : In Time:03-Aug-16 2:53:17 PM	 Out Time:03-Aug-16 2:53:28 PM 	Active Time:11Sec
suresh kali : In Time:03-Aug-16 2:58:43 PM	 Out Time:03-Aug-16 2:58:45 PM 	Active Time:2Sec
suresh kali : In Time:03-Aug-16 2:58:58 PM	 Out Time:03-Aug-16 2:59:01 PM 	Active Time:3Sec
phone Disconnected at :03-Aug-16 3:06:49 PM
phone    Connected at :03-Aug-16 3:07:39 PM
suresh kali : In Time:03-Aug-16 4:28:47 PM	 Out Time:03-Aug-16 4:28:59 PM 	Active Time:12Sec
suresh kali : In Time:03-Aug-16 4:29:11 PM	 Out Time:03-Aug-16 4:29:24 PM 	Active Time:12Sec
suresh kali : In Time:03-Aug-16 4:29:36 PM	 Out Time:03-Aug-16 4:29:47 PM 	Active Time:10Sec
suresh kali : In Time:03-Aug-16 4:29:58 PM	 Out Time:03-Aug-16 4:30:10 PM 	Active Time:11Sec
suresh kali : In Time:03-Aug-16 4:30:22 PM	 Out Time:03-Aug-16 4:30:37 PM 	Active Time:15Sec
suresh kali : In Time:03-Aug-16 4:30:50 PM	 Out Time:03-Aug-16 4:31:05 PM 	Active Time:15Sec
suresh kali : In Time:03-Aug-16 4:31:30 PM	 Out Time:03-Aug-16 4:31:34 PM 	Active Time:4Sec
suresh kali : In Time:03-Aug-16 4:31:44 PM	 Out Time:03-Aug-16 4:31:52 PM 	Active Time:8Sec
suresh kali : In Time:03-Aug-16 4:32:55 PM	 Out Time:03-Aug-16 4:33:08 PM 	Active Time:12Sec
suresh kali : In Time:03-Aug-16 4:33:22 PM	 Out Time:03-Aug-16 4:33:35 PM 	Active Time:12Sec
suresh kali : In Time:03-Aug-16 4:33:43 PM	 Out Time:03-Aug-16 4:33:49 PM 	Active Time:5Sec
phone Disconnected at :03-Aug-16 4:40:51 PM
phone    Connected at :03-Aug-16 4:44:18 PM
phone Disconnected at :03-Aug-16 4:45:29 PM
phone    Connected at :03-Aug-16 4:45:44 PM
phone Disconnected at :03-Aug-16 5:10:03 PM
phone    Connected at :03-Aug-16 5:13:45 PM
computer Disconnected at :03-Aug-16 5:55:45 PM
computer    Connected at :03-Aug-16 5:57:09 PM
phone Disconnected at :03-Aug-16 5:57:12 PM
phone    Connected at :03-Aug-16 5:57:13 PM
computer Disconnected at :03-Aug-16 5:57:42 PM
computer    Connected at :03-Aug-16 5:59:04 PM
phone Disconnected at :03-Aug-16 5:59:07 PM
phone    Connected at :03-Aug-16 5:59:48 PM
computer Disconnected at :03-Aug-16 5:59:49 PM
computer    Connected at :03-Aug-16 6:00:02 PM
phone Disconnected at :03-Aug-16 6:00:05 PM
phone    Connected at :03-Aug-16 6:01:40 PM
computer Disconnected at :03-Aug-16 6:01:41 PM
computer    Connected at :03-Aug-16 6:05:03 PM
phone Disconnected at :03-Aug-16 6:05:06 PM
phone    Connected at :03-Aug-16 6:05:09 PM
computer Disconnected at :03-Aug-16 6:42:59 PM
computer    Connected at :03-Aug-16 6:43:16 PM
phone Disconnected at :03-Aug-16 7:34:03 PM
phone    Connected at :03-Aug-16 7:34:42 PM
phone Disconnected at :03-Aug-16 7:34:54 PM
phone    Connected at :03-Aug-16 7:34:56 PM
phone Disconnected at :03-Aug-16 7:38:59 PM
phone    Connected at :03-Aug-16 7:39:08 PM
suresh kali : In Time:03-Aug-16 7:49:14 PM	 Out Time:03-Aug-16 7:49:24 PM 	Active Time:10Sec
